<?xml version="1.0" encoding="UTF-8"?>
<!-- Generated by org.testng.reporters.JUnitXMLReporter -->
<testsuite ignored="0" hostname="DESKTOP-O9V80PL" failures="0" tests="1" name="Testm" time="0.045" errors="0" timestamp="2021-07-28T15:38:54 IST">
  <testcase classname="TestngPrioties.TestNGmultibroswer" name="@BeforeTest setup" time="-1.627466934712E9">
    <failure type="org.testng.TestNGException" message="
Parameter &amp;apos;browserName&amp;apos; is required by BeforeTest on method setup but has not been marked @Optional or defined
in C:\Users\Aditya\eclipse-workspace\Seleniumcore\testngmulti.xml">
      <![CDATA[org.testng.TestNGException: 
Parameter 'browserName' is required by BeforeTest on method setup but has not been marked @Optional or defined
in C:\Users\Aditya\eclipse-workspace\Seleniumcore\testngmulti.xml
... Removed 21 stack frames]]>
    </failure>
  </testcase> <!-- @BeforeTest setup -->
  <testcase classname="TestngPrioties.TestNGmultibroswer" name="@AfterTest teardown" time="-1.627466934752E9">
    <skipped/>
  </testcase> <!-- @AfterTest teardown -->
  <testcase classname="TestngPrioties.TestNGmultibroswer" name="test1" time="0.0">
    <skipped/>
  </testcase> <!-- test1 -->
</testsuite> <!-- Testm -->
